This is pdfTeX, Version 3.141592653-2.6-1.40.25 (MiKTeX 23.10.12) (preloaded format=pdflatex 2023.12.5)  2 JAN 2024 14:47
entering extended mode
 \write18 enabled.
 file:line:error style messages enabled.
 %&-line parsing enabled.
**"c:/Users/phili/OneDrive - Syddansk Universitet/SDU/7 Semester (E23) Thesis/wcg_final_project/Report/main.tex"
(c:/Users/phili/OneDrive - Syddansk Universitet/SDU/7 Semester (E23) Thesis/wcg_final_project/Report/main.tex
LaTeX2e <2023-11-01>
L3 programming layer <2023-11-09>
(C:\Users\phili\AppData\Local\Programs\MiKTeX\tex/latex/base\article.cls
Document Class: article 2023/05/17 v1.4n Standard LaTeX document class
(C:\Users\phili\AppData\Local\Programs\MiKTeX\tex/latex/base\size10.clo
File: size10.clo 2023/05/17 v1.4n Standard LaTeX file (size option)
)
\c@part=\count186
\c@section=\count187
\c@subsection=\count188
\c@subsubsection=\count189
\c@paragraph=\count190
\c@subparagraph=\count191
\c@figure=\count192
\c@table=\count193
\abovecaptionskip=\skip48
\belowcaptionskip=\skip49
\bibindent=\dimen140
) (C:\Users\phili\AppData\Local\Programs\MiKTeX\tex/latex/amsmath\amsmath.sty
Package: amsmath 2023/05/13 v2.17o AMS math features
\@mathmargin=\skip50

For additional information on amsmath, use the `?' option.
(C:\Users\phili\AppData\Local\Programs\MiKTeX\tex/latex/amsmath\amstext.sty
Package: amstext 2021/08/26 v2.01 AMS text
 (C:\Users\phili\AppData\Local\Programs\MiKTeX\tex/latex/amsmath\amsgen.sty
File: amsgen.sty 1999/11/30 v2.0 generic functions
\@emptytoks=\toks17
\ex@=\dimen141
)) (C:\Users\phili\AppData\Local\Programs\MiKTeX\tex/latex/amsmath\amsbsy.sty
Package: amsbsy 1999/11/29 v1.2d Bold Symbols
\pmbraise@=\dimen142
) (C:\Users\phili\AppData\Local\Programs\MiKTeX\tex/latex/amsmath\amsopn.sty
Package: amsopn 2022/04/08 v2.04 operator names
)
\inf@bad=\count194
LaTeX Info: Redefining \frac on input line 234.
\uproot@=\count195
\leftroot@=\count196
LaTeX Info: Redefining \overline on input line 399.
LaTeX Info: Redefining \colon on input line 410.
\classnum@=\count197
\DOTSCASE@=\count198
LaTeX Info: Redefining \ldots on input line 496.
LaTeX Info: Redefining \dots on input line 499.
LaTeX Info: Redefining \cdots on input line 620.
\Mathstrutbox@=\box51
\strutbox@=\box52
LaTeX Info: Redefining \big on input line 722.
LaTeX Info: Redefining \Big on input line 723.
LaTeX Info: Redefining \bigg on input line 724.
LaTeX Info: Redefining \Bigg on input line 725.
\big@size=\dimen143
LaTeX Font Info:    Redeclaring font encoding OML on input line 743.
LaTeX Font Info:    Redeclaring font encoding OMS on input line 744.
\macc@depth=\count199
LaTeX Info: Redefining \bmod on input line 905.
LaTeX Info: Redefining \pmod on input line 910.
LaTeX Info: Redefining \smash on input line 940.
LaTeX Info: Redefining \relbar on input line 970.
LaTeX Info: Redefining \Relbar on input line 971.
\c@MaxMatrixCols=\count266
\dotsspace@=\muskip16
\c@parentequation=\count267
\dspbrk@lvl=\count268
\tag@help=\toks18
\row@=\count269
\column@=\count270
\maxfields@=\count271
\andhelp@=\toks19
\eqnshift@=\dimen144
\alignsep@=\dimen145
\tagshift@=\dimen146
\tagwidth@=\dimen147
\totwidth@=\dimen148
\lineht@=\dimen149
\@envbody=\toks20
\multlinegap=\skip51
\multlinetaggap=\skip52
\mathdisplay@stack=\toks21
LaTeX Info: Redefining \[ on input line 2953.
LaTeX Info: Redefining \] on input line 2954.
) (C:\Users\phili\AppData\Local\Programs\MiKTeX\tex/latex/pdfpages\pdfpages.sty
Package: pdfpages 2022/12/19 v0.5x Insert pages of external PDF documents (AM)
 (C:\Users\phili\AppData\Local\Programs\MiKTeX\tex/latex/base\ifthen.sty
Package: ifthen 2022/04/13 v1.1d Standard LaTeX ifthen package (DPC)
) (C:\Users\phili\AppData\Local\Programs\MiKTeX\tex/latex/tools\calc.sty
Package: calc 2023/07/08 v4.3 Infix arithmetic (KKT,FJ)
\calc@Acount=\count272
\calc@Bcount=\count273
\calc@Adimen=\dimen150
\calc@Bdimen=\dimen151
\calc@Askip=\skip53
\calc@Bskip=\skip54
LaTeX Info: Redefining \setlength on input line 80.
LaTeX Info: Redefining \addtolength on input line 81.
\calc@Ccount=\count274
\calc@Cskip=\skip55
) (C:\Users\phili\AppData\Local\Programs\MiKTeX\tex/latex/eso-pic\eso-pic.sty
Package: eso-pic 2023/05/03 v3.0c eso-pic (RN)
\ESO@tempdima=\dimen152
\ESO@tempdimb=\dimen153
 (C:\Users\phili\AppData\Local\Programs\MiKTeX\tex/latex/graphics\keyval.sty
Package: keyval 2022/05/29 v1.15 key=value parser (DPC)
\KV@toks@=\toks22
) (C:\Users\phili\AppData\Local\Programs\MiKTeX\tex/latex/xcolor\xcolor.sty
Package: xcolor 2023/11/15 v3.01 LaTeX color extensions (UK)
 (C:\Users\phili\AppData\Local\Programs\MiKTeX\tex/latex/graphics-cfg\color.cfg
File: color.cfg 2016/01/02 v1.6 sample color configuration
)
Package xcolor Info: Driver file: pdftex.def on input line 274.
 (C:\Users\phili\AppData\Local\Programs\MiKTeX\tex/latex/graphics-def\pdftex.def
File: pdftex.def 2022/09/22 v1.2b Graphics/color driver for pdftex
) (C:\Users\phili\AppData\Local\Programs\MiKTeX\tex/latex/graphics\mathcolor.ltx)
Package xcolor Info: Model `cmy' substituted by `cmy0' on input line 1350.
Package xcolor Info: Model `hsb' substituted by `rgb' on input line 1354.
Package xcolor Info: Model `RGB' extended on input line 1366.
Package xcolor Info: Model `HTML' substituted by `rgb' on input line 1368.
Package xcolor Info: Model `Hsb' substituted by `hsb' on input line 1369.
Package xcolor Info: Model `tHsb' substituted by `hsb' on input line 1370.
Package xcolor Info: Model `HSB' substituted by `hsb' on input line 1371.
Package xcolor Info: Model `Gray' substituted by `gray' on input line 1372.
Package xcolor Info: Model `wave' substituted by `hsb' on input line 1373.
)) (C:\Users\phili\AppData\Local\Programs\MiKTeX\tex/latex/graphics\graphicx.sty
Package: graphicx 2021/09/16 v1.2d Enhanced LaTeX Graphics (DPC,SPQR)
 (C:\Users\phili\AppData\Local\Programs\MiKTeX\tex/latex/graphics\graphics.sty
Package: graphics 2022/03/10 v1.4e Standard LaTeX Graphics (DPC,SPQR)
 (C:\Users\phili\AppData\Local\Programs\MiKTeX\tex/latex/graphics\trig.sty
Package: trig 2021/08/11 v1.11 sin cos tan (DPC)
) (C:\Users\phili\AppData\Local\Programs\MiKTeX\tex/latex/graphics-cfg\graphics.cfg
File: graphics.cfg 2016/06/04 v1.11 sample graphics configuration
)
Package graphics Info: Driver file: pdftex.def on input line 107.
)
\Gin@req@height=\dimen154
\Gin@req@width=\dimen155
)
\AM@pagewidth=\dimen156
\AM@pageheight=\dimen157
\AM@fboxrule=\dimen158
 (C:\Users\phili\AppData\Local\Programs\MiKTeX\tex/latex/pdfpages\pppdftex.def
File: pppdftex.def 2022/12/19 v0.5x Pdfpages driver for pdfTeX (AM)
)
\pdfpages@includegraphics@status=\count275
\AM@pagebox=\box53
\AM@global@opts=\toks23
\AM@pagecnt=\count276
\AM@toc@title=\toks24
\AM@lof@heading=\toks25
\c@AM@survey=\count277
\AM@templatesizebox=\box54
) (C:\Users\phili\AppData\Local\Programs\MiKTeX\tex/latex/pgf/frontendlayer\tikz.sty (C:\Users\phili\AppData\Local\Programs\MiKTeX\tex/latex/pgf/basiclayer\pgf.sty (C:\Users\phili\AppData\Local\Programs\MiKTeX\tex/latex/pgf/utilities\pgfrcs.sty (C:\Users\phili\AppData\Local\Programs\MiKTeX\tex/generic/pgf/utilities\pgfutil-common.tex
\pgfutil@everybye=\toks26
\pgfutil@tempdima=\dimen159
\pgfutil@tempdimb=\dimen160
) (C:\Users\phili\AppData\Local\Programs\MiKTeX\tex/generic/pgf/utilities\pgfutil-latex.def
\pgfutil@abb=\box55
) (C:\Users\phili\AppData\Local\Programs\MiKTeX\tex/generic/pgf/utilities\pgfrcs.code.tex (C:\Users\phili\AppData\Local\Programs\MiKTeX\tex/generic/pgf\pgf.revision.tex)
Package: pgfrcs 2023-01-15 v3.1.10 (3.1.10)
))
Package: pgf 2023-01-15 v3.1.10 (3.1.10)
 (C:\Users\phili\AppData\Local\Programs\MiKTeX\tex/latex/pgf/basiclayer\pgfcore.sty (C:\Users\phili\AppData\Local\Programs\MiKTeX\tex/latex/pgf/systemlayer\pgfsys.sty (C:\Users\phili\AppData\Local\Programs\MiKTeX\tex/generic/pgf/systemlayer\pgfsys.code.tex
Package: pgfsys 2023-01-15 v3.1.10 (3.1.10)
 (C:\Users\phili\AppData\Local\Programs\MiKTeX\tex/generic/pgf/utilities\pgfkeys.code.tex
\pgfkeys@pathtoks=\toks27
\pgfkeys@temptoks=\toks28
 (C:\Users\phili\AppData\Local\Programs\MiKTeX\tex/generic/pgf/utilities\pgfkeyslibraryfiltered.code.tex
\pgfkeys@tmptoks=\toks29
))
\pgf@x=\dimen161
\pgf@y=\dimen162
\pgf@xa=\dimen163
\pgf@ya=\dimen164
\pgf@xb=\dimen165
\pgf@yb=\dimen166
\pgf@xc=\dimen167
\pgf@yc=\dimen168
\pgf@xd=\dimen169
\pgf@yd=\dimen170
\w@pgf@writea=\write3
\r@pgf@reada=\read2
\c@pgf@counta=\count278
\c@pgf@countb=\count279
\c@pgf@countc=\count280
\c@pgf@countd=\count281
\t@pgf@toka=\toks30
\t@pgf@tokb=\toks31
\t@pgf@tokc=\toks32
\pgf@sys@id@count=\count282
 (C:\Users\phili\AppData\Local\Programs\MiKTeX\tex/generic/pgf/systemlayer\pgf.cfg
File: pgf.cfg 2023-01-15 v3.1.10 (3.1.10)
)
Driver file for pgf: pgfsys-pdftex.def
 (C:\Users\phili\AppData\Local\Programs\MiKTeX\tex/generic/pgf/systemlayer\pgfsys-pdftex.def
File: pgfsys-pdftex.def 2023-01-15 v3.1.10 (3.1.10)
 (C:\Users\phili\AppData\Local\Programs\MiKTeX\tex/generic/pgf/systemlayer\pgfsys-common-pdf.def
File: pgfsys-common-pdf.def 2023-01-15 v3.1.10 (3.1.10)
))) (C:\Users\phili\AppData\Local\Programs\MiKTeX\tex/generic/pgf/systemlayer\pgfsyssoftpath.code.tex
File: pgfsyssoftpath.code.tex 2023-01-15 v3.1.10 (3.1.10)
\pgfsyssoftpath@smallbuffer@items=\count283
\pgfsyssoftpath@bigbuffer@items=\count284
) (C:\Users\phili\AppData\Local\Programs\MiKTeX\tex/generic/pgf/systemlayer\pgfsysprotocol.code.tex
File: pgfsysprotocol.code.tex 2023-01-15 v3.1.10 (3.1.10)
)) (C:\Users\phili\AppData\Local\Programs\MiKTeX\tex/generic/pgf/basiclayer\pgfcore.code.tex
Package: pgfcore 2023-01-15 v3.1.10 (3.1.10)
 (C:\Users\phili\AppData\Local\Programs\MiKTeX\tex/generic/pgf/math\pgfmath.code.tex (C:\Users\phili\AppData\Local\Programs\MiKTeX\tex/generic/pgf/math\pgfmathutil.code.tex) (C:\Users\phili\AppData\Local\Programs\MiKTeX\tex/generic/pgf/math\pgfmathparser.code.tex
\pgfmath@dimen=\dimen171
\pgfmath@count=\count285
\pgfmath@box=\box56
\pgfmath@toks=\toks33
\pgfmath@stack@operand=\toks34
\pgfmath@stack@operation=\toks35
) (C:\Users\phili\AppData\Local\Programs\MiKTeX\tex/generic/pgf/math\pgfmathfunctions.code.tex) (C:\Users\phili\AppData\Local\Programs\MiKTeX\tex/generic/pgf/math\pgfmathfunctions.basic.code.tex) (C:\Users\phili\AppData\Local\Programs\MiKTeX\tex/generic/pgf/math\pgfmathfunctions.trigonometric.code.tex) (C:\Users\phili\AppData\Local\Programs\MiKTeX\tex/generic/pgf/math\pgfmathfunctions.random.code.tex) (C:\Users\phili\AppData\Local\Programs\MiKTeX\tex/generic/pgf/math\pgfmathfunctions.comparison.code.tex) (C:\Users\phili\AppData\Local\Programs\MiKTeX\tex/generic/pgf/math\pgfmathfunctions.base.code.tex) (C:\Users\phili\AppData\Local\Programs\MiKTeX\tex/generic/pgf/math\pgfmathfunctions.round.code.tex) (C:\Users\phili\AppData\Local\Programs\MiKTeX\tex/generic/pgf/math\pgfmathfunctions.misc.code.tex) (C:\Users\phili\AppData\Local\Programs\MiKTeX\tex/generic/pgf/math\pgfmathfunctions.integerarithmetics.code.tex) (C:\Users\phili\AppData\Local\Programs\MiKTeX\tex/generic/pgf/math\pgfmathcalc.code.tex) (C:\Users\phili\AppData\Local\Programs\MiKTeX\tex/generic/pgf/math\pgfmathfloat.code.tex
\c@pgfmathroundto@lastzeros=\count286
)) (C:\Users\phili\AppData\Local\Programs\MiKTeX\tex/generic/pgf/math\pgfint.code.tex) (C:\Users\phili\AppData\Local\Programs\MiKTeX\tex/generic/pgf/basiclayer\pgfcorepoints.code.tex
File: pgfcorepoints.code.tex 2023-01-15 v3.1.10 (3.1.10)
\pgf@picminx=\dimen172
\pgf@picmaxx=\dimen173
\pgf@picminy=\dimen174
\pgf@picmaxy=\dimen175
\pgf@pathminx=\dimen176
\pgf@pathmaxx=\dimen177
\pgf@pathminy=\dimen178
\pgf@pathmaxy=\dimen179
\pgf@xx=\dimen180
\pgf@xy=\dimen181
\pgf@yx=\dimen182
\pgf@yy=\dimen183
\pgf@zx=\dimen184
\pgf@zy=\dimen185
) (C:\Users\phili\AppData\Local\Programs\MiKTeX\tex/generic/pgf/basiclayer\pgfcorepathconstruct.code.tex
File: pgfcorepathconstruct.code.tex 2023-01-15 v3.1.10 (3.1.10)
\pgf@path@lastx=\dimen186
\pgf@path@lasty=\dimen187
) (C:\Users\phili\AppData\Local\Programs\MiKTeX\tex/generic/pgf/basiclayer\pgfcorepathusage.code.tex
File: pgfcorepathusage.code.tex 2023-01-15 v3.1.10 (3.1.10)
\pgf@shorten@end@additional=\dimen188
\pgf@shorten@start@additional=\dimen189
) (C:\Users\phili\AppData\Local\Programs\MiKTeX\tex/generic/pgf/basiclayer\pgfcorescopes.code.tex
File: pgfcorescopes.code.tex 2023-01-15 v3.1.10 (3.1.10)
\pgfpic=\box57
\pgf@hbox=\box58
\pgf@layerbox@main=\box59
\pgf@picture@serial@count=\count287
) (C:\Users\phili\AppData\Local\Programs\MiKTeX\tex/generic/pgf/basiclayer\pgfcoregraphicstate.code.tex
File: pgfcoregraphicstate.code.tex 2023-01-15 v3.1.10 (3.1.10)
\pgflinewidth=\dimen190
) (C:\Users\phili\AppData\Local\Programs\MiKTeX\tex/generic/pgf/basiclayer\pgfcoretransformations.code.tex
File: pgfcoretransformations.code.tex 2023-01-15 v3.1.10 (3.1.10)
\pgf@pt@x=\dimen191
\pgf@pt@y=\dimen192
\pgf@pt@temp=\dimen193
) (C:\Users\phili\AppData\Local\Programs\MiKTeX\tex/generic/pgf/basiclayer\pgfcorequick.code.tex
File: pgfcorequick.code.tex 2023-01-15 v3.1.10 (3.1.10)
) (C:\Users\phili\AppData\Local\Programs\MiKTeX\tex/generic/pgf/basiclayer\pgfcoreobjects.code.tex
File: pgfcoreobjects.code.tex 2023-01-15 v3.1.10 (3.1.10)
) (C:\Users\phili\AppData\Local\Programs\MiKTeX\tex/generic/pgf/basiclayer\pgfcorepathprocessing.code.tex
File: pgfcorepathprocessing.code.tex 2023-01-15 v3.1.10 (3.1.10)
) (C:\Users\phili\AppData\Local\Programs\MiKTeX\tex/generic/pgf/basiclayer\pgfcorearrows.code.tex
File: pgfcorearrows.code.tex 2023-01-15 v3.1.10 (3.1.10)
\pgfarrowsep=\dimen194
) (C:\Users\phili\AppData\Local\Programs\MiKTeX\tex/generic/pgf/basiclayer\pgfcoreshade.code.tex
File: pgfcoreshade.code.tex 2023-01-15 v3.1.10 (3.1.10)
\pgf@max=\dimen195
\pgf@sys@shading@range@num=\count288
\pgf@shadingcount=\count289
) (C:\Users\phili\AppData\Local\Programs\MiKTeX\tex/generic/pgf/basiclayer\pgfcoreimage.code.tex
File: pgfcoreimage.code.tex 2023-01-15 v3.1.10 (3.1.10)
) (C:\Users\phili\AppData\Local\Programs\MiKTeX\tex/generic/pgf/basiclayer\pgfcoreexternal.code.tex
File: pgfcoreexternal.code.tex 2023-01-15 v3.1.10 (3.1.10)
\pgfexternal@startupbox=\box60
) (C:\Users\phili\AppData\Local\Programs\MiKTeX\tex/generic/pgf/basiclayer\pgfcorelayers.code.tex
File: pgfcorelayers.code.tex 2023-01-15 v3.1.10 (3.1.10)
) (C:\Users\phili\AppData\Local\Programs\MiKTeX\tex/generic/pgf/basiclayer\pgfcoretransparency.code.tex
File: pgfcoretransparency.code.tex 2023-01-15 v3.1.10 (3.1.10)
) (C:\Users\phili\AppData\Local\Programs\MiKTeX\tex/generic/pgf/basiclayer\pgfcorepatterns.code.tex
File: pgfcorepatterns.code.tex 2023-01-15 v3.1.10 (3.1.10)
) (C:\Users\phili\AppData\Local\Programs\MiKTeX\tex/generic/pgf/basiclayer\pgfcorerdf.code.tex
File: pgfcorerdf.code.tex 2023-01-15 v3.1.10 (3.1.10)
))) (C:\Users\phili\AppData\Local\Programs\MiKTeX\tex/generic/pgf/modules\pgfmoduleshapes.code.tex
File: pgfmoduleshapes.code.tex 2023-01-15 v3.1.10 (3.1.10)
\pgfnodeparttextbox=\box61
) (C:\Users\phili\AppData\Local\Programs\MiKTeX\tex/generic/pgf/modules\pgfmoduleplot.code.tex
File: pgfmoduleplot.code.tex 2023-01-15 v3.1.10 (3.1.10)
) (C:\Users\phili\AppData\Local\Programs\MiKTeX\tex/latex/pgf/compatibility\pgfcomp-version-0-65.sty
Package: pgfcomp-version-0-65 2023-01-15 v3.1.10 (3.1.10)
\pgf@nodesepstart=\dimen196
\pgf@nodesepend=\dimen197
) (C:\Users\phili\AppData\Local\Programs\MiKTeX\tex/latex/pgf/compatibility\pgfcomp-version-1-18.sty
Package: pgfcomp-version-1-18 2023-01-15 v3.1.10 (3.1.10)
)) (C:\Users\phili\AppData\Local\Programs\MiKTeX\tex/latex/pgf/utilities\pgffor.sty (C:\Users\phili\AppData\Local\Programs\MiKTeX\tex/latex/pgf/utilities\pgfkeys.sty (C:\Users\phili\AppData\Local\Programs\MiKTeX\tex/generic/pgf/utilities\pgfkeys.code.tex)) (C:\Users\phili\AppData\Local\Programs\MiKTeX\tex/latex/pgf/math\pgfmath.sty (C:\Users\phili\AppData\Local\Programs\MiKTeX\tex/generic/pgf/math\pgfmath.code.tex)) (C:\Users\phili\AppData\Local\Programs\MiKTeX\tex/generic/pgf/utilities\pgffor.code.tex
Package: pgffor 2023-01-15 v3.1.10 (3.1.10)
\pgffor@iter=\dimen198
\pgffor@skip=\dimen199
\pgffor@stack=\toks36
\pgffor@toks=\toks37
)) (C:\Users\phili\AppData\Local\Programs\MiKTeX\tex/generic/pgf/frontendlayer/tikz\tikz.code.tex
Package: tikz 2023-01-15 v3.1.10 (3.1.10)
 (C:\Users\phili\AppData\Local\Programs\MiKTeX\tex/generic/pgf/libraries\pgflibraryplothandlers.code.tex
File: pgflibraryplothandlers.code.tex 2023-01-15 v3.1.10 (3.1.10)
\pgf@plot@mark@count=\count290
\pgfplotmarksize=\dimen256
)
\tikz@lastx=\dimen257
\tikz@lasty=\dimen258
\tikz@lastxsaved=\dimen259
\tikz@lastysaved=\dimen260
\tikz@lastmovetox=\dimen261
\tikz@lastmovetoy=\dimen262
\tikzleveldistance=\dimen263
\tikzsiblingdistance=\dimen264
\tikz@figbox=\box62
\tikz@figbox@bg=\box63
\tikz@tempbox=\box64
\tikz@tempbox@bg=\box65
\tikztreelevel=\count291
\tikznumberofchildren=\count292
\tikznumberofcurrentchild=\count293
\tikz@fig@count=\count294
 (C:\Users\phili\AppData\Local\Programs\MiKTeX\tex/generic/pgf/modules\pgfmodulematrix.code.tex
File: pgfmodulematrix.code.tex 2023-01-15 v3.1.10 (3.1.10)
\pgfmatrixcurrentrow=\count295
\pgfmatrixcurrentcolumn=\count296
\pgf@matrix@numberofcolumns=\count297
)
\tikz@expandcount=\count298
 (C:\Users\phili\AppData\Local\Programs\MiKTeX\tex/generic/pgf/frontendlayer/tikz/libraries\tikzlibrarytopaths.code.tex
File: tikzlibrarytopaths.code.tex 2023-01-15 v3.1.10 (3.1.10)
))) (C:\Users\phili\AppData\Local\Programs\MiKTeX\tex/latex/markdown\markdown.sty (C:\Users\phili\AppData\Local\Programs\MiKTeX\tex/latex/l3kernel\expl3.sty
Package: expl3 2023-11-09 L3 programming layer (loader) 
 (C:\Users\phili\AppData\Local\Programs\MiKTeX\tex/latex/l3backend\l3backend-pdftex.def
File: l3backend-pdftex.def 2023-11-09 L3 backend support: PDF output (pdfTeX)
\l__color_backend_stack_int=\count299
\l__pdf_internal_box=\box66
)) (C:\Users\phili\AppData\Local\Programs\MiKTeX\tex/generic/markdown\markdown.tex
\markdownOptionFrozenCacheCounter=\count300
\markdownInputFileStream=\read3
\markdownOutputFileStream=\write4
Package markdown Info: Using mode 3: The lt3luabridge package on input line 2667.
 (C:\Users\phili\AppData\Local\Programs\MiKTeX\tex/generic/lt3luabridge\lt3luabridge.tex
\g_luabridge_method_int=\count301

Package luabridge Info: Using shell escape as the bridging method

))
Package: markdown 2023-04-27 v2.23.0-0-g0b22f91 markdown renderer
 (C:\Users\phili\AppData\Local\Programs\MiKTeX\tex/latex/paralist\paralist.sty
Package: paralist 2017/01/22 v2.7 Extended list environments
\pltopsep=\skip56
\plpartopsep=\skip57
\plitemsep=\skip58
\plparsep=\skip59
\pl@lab=\toks38
) (C:\Users\phili\AppData\Local\Programs\MiKTeX\tex/latex/amsfonts\amssymb.sty
Package: amssymb 2013/01/14 v3.01 AMS font symbols
 (C:\Users\phili\AppData\Local\Programs\MiKTeX\tex/latex/amsfonts\amsfonts.sty
Package: amsfonts 2013/01/14 v3.01 Basic AMSFonts support
\symAMSa=\mathgroup4
\symAMSb=\mathgroup5
LaTeX Font Info:    Redeclaring math symbol \hbar on input line 98.
LaTeX Font Info:    Overwriting math alphabet `\mathfrak' in version `bold'
(Font)                  U/euf/m/n --> U/euf/b/n on input line 106.
)) (C:\Users\phili\AppData\Local\Programs\MiKTeX\tex/latex/csvsimple\csvsimple.sty (C:\Users\phili\AppData\Local\Programs\MiKTeX\tex/latex/l3packages/l3keys2e\l3keys2e.sty
Package: l3keys2e 2023-10-10 LaTeX2e option processing using LaTeX3 keys
)
Package: csvsimple 2023/10/16 v2.5.0 LaTeX CSV file processing
) (C:\Users\phili\AppData\Local\Programs\MiKTeX\tex/latex/csvsimple\csvsimple-legacy.sty
Package: csvsimple-legacy 2023/10/16 version 2.5.0 LaTeX2e CSV file processing
 (C:\Users\phili\AppData\Local\Programs\MiKTeX\tex/latex/etoolbox\etoolbox.sty
Package: etoolbox 2020/10/05 v2.5k e-TeX tools for LaTeX (JAW)
\etb@tempcnta=\count302
) (C:\Users\phili\AppData\Local\Programs\MiKTeX\tex/latex/tools\shellesc.sty
Package: shellesc 2023/07/08 v1.0d unified shell escape interface for LaTeX
Package shellesc Info: Unrestricted shell escape enabled on input line 75.
)
\csv@file=\read4
\c@csvinputline=\count303
\c@csvrow=\count304
\c@csvcol=\count305
\csv@out=\write5
) (C:\Users\phili\AppData\Local\Programs\MiKTeX\tex/latex/fancyvrb\fancyvrb.sty
Package: fancyvrb 2023/11/06 4.5b verbatim text (tvz,hv)
\FV@CodeLineNo=\count306
\FV@InFile=\read5
\FV@TabBox=\box67
\c@FancyVerbLine=\count307
\FV@StepNumber=\count308
\FV@OutFile=\write6
) (C:\Users\phili\AppData\Local\Programs\MiKTeX\tex/generic/ltxcmds\ltxcmds.sty
Package: ltxcmds 2020-05-10 v1.25 LaTeX kernel commands for general use (HO)
)
\markdownLaTeXCitationsCounter=\count309
 (C:\Users\phili\AppData\Local\Programs\MiKTeX\tex/latex/gobble\gobble.sty
Package: gobble 2019/01/04 v0.2 Provides more gobble macros
 (C:\Users\phili\AppData\Local\Programs\MiKTeX\tex/generic/gobble\gobble.tex)) (C:\Users\phili\AppData\Local\Programs\MiKTeX\tex/latex/url\url.sty
\Urlmuskip=\muskip17
Package: url 2013/09/16  ver 3.4  Verb mode for urls, etc.
)
\markdownLaTeXRowCounter=\count310
\markdownLaTeXRowTotal=\count311
\markdownLaTeXColumnCounter=\count312
\markdownLaTeXColumnTotal=\count313
\markdownLaTeXTable=\toks39
\markdownLaTeXTableAlignment=\toks40
\markdownLaTeXTableEnd=\toks41
) (C:\Users\phili\AppData\Local\Programs\MiKTeX\tex/latex/minted\minted.sty
Package: minted 2023/12/18 v2.9 Yet another Pygments shim for LaTeX
 (C:\Users\phili\AppData\Local\Programs\MiKTeX\tex/latex/kvoptions\kvoptions.sty
Package: kvoptions 2022-06-15 v3.15 Key value format for package options (HO)
 (C:\Users\phili\AppData\Local\Programs\MiKTeX\tex/latex/kvsetkeys\kvsetkeys.sty
Package: kvsetkeys 2022-10-05 v1.19 Key value parser (HO)
)) (C:\Users\phili\AppData\Local\Programs\MiKTeX\tex/latex/fvextra\fvextra.sty
Package: fvextra 2023/11/28 v1.6.1 fvextra - extensions and patches for fancyvrb
 (C:\Users\phili\AppData\Local\Programs\MiKTeX\tex/latex/upquote\upquote.sty
Package: upquote 2012/04/19 v1.3 upright-quote and grave-accent glyphs in verbatim
) (C:\Users\phili\AppData\Local\Programs\MiKTeX\tex/latex/lineno\lineno.sty
Package: lineno 2023/05/20 line numbers on paragraphs v5.3
\linenopenalty=\count314
\output=\toks42
\linenoprevgraf=\count315
\linenumbersep=\dimen265
\linenumberwidth=\dimen266
\c@linenumber=\count316
\c@pagewiselinenumber=\count317
\c@LN@truepage=\count318
\c@internallinenumber=\count319
\c@internallinenumbers=\count320
\quotelinenumbersep=\dimen267
\bframerule=\dimen268
\bframesep=\dimen269
\bframebox=\box68
\linenoamsmath@ams@eqpen=\count321
LaTeX Info: Redefining \\ on input line 3180.
)
\c@FancyVerbWriteLine=\count322
\c@FancyVerbBufferIndex=\count323
\c@FancyVerbBufferLength=\count324
\c@FancyVerbBufferLine=\count325
\c@FV@oldbufferlength=\count326
\c@FV@TrueTabGroupLevel=\count327
\c@FV@TrueTabCounter=\count328
\FV@TabBox@Group=\box69
\FV@TmpLength=\skip60
\c@FV@HighlightLinesStart=\count329
\c@FV@HighlightLinesStop=\count330
\FV@LoopCount=\count331
\FV@NCharsBox=\box70
\FV@BreakIndent=\dimen270
\FV@BreakIndentNChars=\count332
\FV@BreakSymbolSepLeft=\dimen271
\FV@BreakSymbolSepLeftNChars=\count333
\FV@BreakSymbolSepRight=\dimen272
\FV@BreakSymbolSepRightNChars=\count334
\FV@BreakSymbolIndentLeft=\dimen273
\FV@BreakSymbolIndentLeftNChars=\count335
\FV@BreakSymbolIndentRight=\dimen274
\FV@BreakSymbolIndentRightNChars=\count336
\c@FancyVerbLineBreakLast=\count337
\FV@LineBox=\box71
\FV@LineIndentBox=\box72
\c@FV@BreakBufferDepth=\count338
\FV@LineWidth=\dimen275
) (C:\Users\phili\AppData\Local\Programs\MiKTeX\tex/latex/ifplatform\ifplatform.sty
Package: ifplatform 2017/10/13 v0.4a Testing for the operating system
 (C:\Users\phili\AppData\Local\Programs\MiKTeX\tex/generic/pdftexcmds\pdftexcmds.sty
Package: pdftexcmds 2020-06-27 v0.33 Utility functions of pdfTeX for LuaTeX (HO)
 (C:\Users\phili\AppData\Local\Programs\MiKTeX\tex/generic/infwarerr\infwarerr.sty
Package: infwarerr 2019/12/03 v1.5 Providing info/warning/error messages (HO)
) (C:\Users\phili\AppData\Local\Programs\MiKTeX\tex/generic/iftex\iftex.sty
Package: iftex 2022/02/03 v1.0f TeX engine tests
)
Package pdftexcmds Info: \pdf@primitive is available.
Package pdftexcmds Info: \pdf@ifprimitive is available.
Package pdftexcmds Info: \pdfdraftmode found.
) (C:\Users\phili\AppData\Local\Programs\MiKTeX\tex/generic/catchfile\catchfile.sty
Package: catchfile 2019/12/09 v1.8 Catch the contents of a file (HO)
 (C:\Users\phili\AppData\Local\Programs\MiKTeX\tex/generic/etexcmds\etexcmds.sty
Package: etexcmds 2019/12/15 v1.7 Avoid name clashes with e-TeX commands (HO)
)) (C:\Users\phili\AppData\Local\Programs\MiKTeX\tex/generic/iftex\ifluatex.sty
Package: ifluatex 2019/10/25 v1.5 ifluatex legacy package. Use iftex instead.
))
(C:\Users\phili\AppData\Local\Programs\MiKTeX\tex/latex/xstring\xstring.sty (C:\Users\phili\AppData\Local\Programs\MiKTeX\tex/generic/xstring\xstring.tex
\xs_counta=\count339
\xs_countb=\count340
)
Package: xstring 2023/08/22 v1.86 String manipulations (CT)
) (C:\Users\phili\AppData\Local\Programs\MiKTeX\tex/latex/framed\framed.sty
Package: framed 2011/10/22 v 0.96: framed or shaded text with page breaks
\OuterFrameSep=\skip61
\fb@frw=\dimen276
\fb@frh=\dimen277
\FrameRule=\dimen278
\FrameSep=\dimen279
) (C:\Users\phili\AppData\Local\Programs\MiKTeX\tex/latex/newfloat\newfloat.sty
Package: newfloat 2023/10/01 v1.2 Defining new floating environments (AR)
)
\minted@appexistsfile=\read6
\minted@bgbox=\box73
\minted@code=\write7
\c@minted@FancyVerbLineTemp=\count341
\c@minted@pygmentizecounter=\count342
Package newfloat Info: New float `listing' with options `fileext=lol,placement=tbp' on input line 1221.
\c@listing=\count343
\newfloat@ftype=\count344
Package newfloat Info: float type `listing'=8 on input line 1221.
)
runsystem(if not exist _minted-main mkdir _minted-main)...executed.

 (C:\Users\phili\AppData\Local\Programs\MiKTeX\tex/latex/hyperref\hyperref.sty
Package: hyperref 2023-11-26 v7.01g Hypertext links for LaTeX
 (C:\Users\phili\AppData\Local\Programs\MiKTeX\tex/generic/kvdefinekeys\kvdefinekeys.sty
Package: kvdefinekeys 2019-12-19 v1.6 Define keys (HO)
) (C:\Users\phili\AppData\Local\Programs\MiKTeX\tex/generic/pdfescape\pdfescape.sty
Package: pdfescape 2019/12/09 v1.15 Implements pdfTeX's escape features (HO)
) (C:\Users\phili\AppData\Local\Programs\MiKTeX\tex/latex/hycolor\hycolor.sty
Package: hycolor 2020-01-27 v1.10 Color options for hyperref/bookmark (HO)
) (C:\Users\phili\AppData\Local\Programs\MiKTeX\tex/latex/letltxmacro\letltxmacro.sty
Package: letltxmacro 2019/12/03 v1.6 Let assignment for LaTeX macros (HO)
) (C:\Users\phili\AppData\Local\Programs\MiKTeX\tex/latex/auxhook\auxhook.sty
Package: auxhook 2019-12-17 v1.6 Hooks for auxiliary files (HO)
) (C:\Users\phili\AppData\Local\Programs\MiKTeX\tex/latex/hyperref\nameref.sty
Package: nameref 2023-11-26 v2.56 Cross-referencing by name of section
 (C:\Users\phili\AppData\Local\Programs\MiKTeX\tex/latex/refcount\refcount.sty
Package: refcount 2019/12/15 v3.6 Data extraction from label references (HO)
) (C:\Users\phili\AppData\Local\Programs\MiKTeX\tex/generic/gettitlestring\gettitlestring.sty
Package: gettitlestring 2019/12/15 v1.6 Cleanup title references (HO)
)
\c@section@level=\count345
)
\@linkdim=\dimen280
\Hy@linkcounter=\count346
\Hy@pagecounter=\count347
 (C:\Users\phili\AppData\Local\Programs\MiKTeX\tex/latex/hyperref\pd1enc.def
File: pd1enc.def 2023-11-26 v7.01g Hyperref: PDFDocEncoding definition (HO)
Now handling font encoding PD1 ...
... no UTF-8 mapping file for font encoding PD1
) (C:\Users\phili\AppData\Local\Programs\MiKTeX\tex/generic/intcalc\intcalc.sty
Package: intcalc 2019/12/15 v1.3 Expandable calculations with integers (HO)
)
\Hy@SavedSpaceFactor=\count348
 (C:\Users\phili\AppData\Local\Programs\MiKTeX\tex/latex/hyperref\puenc.def
File: puenc.def 2023-11-26 v7.01g Hyperref: PDF Unicode definition (HO)
Now handling font encoding PU ...
... no UTF-8 mapping file for font encoding PU
)
Package hyperref Info: Hyper figures OFF on input line 4181.
Package hyperref Info: Link nesting OFF on input line 4186.
Package hyperref Info: Hyper index ON on input line 4189.
Package hyperref Info: Plain pages OFF on input line 4196.
Package hyperref Info: Backreferencing OFF on input line 4201.
Package hyperref Info: Implicit mode ON; LaTeX internals redefined.
Package hyperref Info: Bookmarks ON on input line 4448.
\c@Hy@tempcnt=\count349
LaTeX Info: Redefining \url on input line 4786.
\XeTeXLinkMargin=\dimen281
 (C:\Users\phili\AppData\Local\Programs\MiKTeX\tex/generic/bitset\bitset.sty
Package: bitset 2019/12/09 v1.3 Handle bit-vector datatype (HO)
 (C:\Users\phili\AppData\Local\Programs\MiKTeX\tex/generic/bigintcalc\bigintcalc.sty
Package: bigintcalc 2019/12/15 v1.5 Expandable calculations on big integers (HO)
))
\Fld@menulength=\count350
\Field@Width=\dimen282
\Fld@charsize=\dimen283
Package hyperref Info: Hyper figures OFF on input line 6065.
Package hyperref Info: Link nesting OFF on input line 6070.
Package hyperref Info: Hyper index ON on input line 6073.
Package hyperref Info: backreferencing OFF on input line 6080.
Package hyperref Info: Link coloring OFF on input line 6085.
Package hyperref Info: Link coloring with OCG OFF on input line 6090.
Package hyperref Info: PDF/A mode OFF on input line 6095.
 (C:\Users\phili\AppData\Local\Programs\MiKTeX\tex/latex/base\atbegshi-ltx.sty
Package: atbegshi-ltx 2021/01/10 v1.0c Emulation of the original atbegshi
package with kernel methods
)
\Hy@abspage=\count351
\c@Item=\count352
\c@Hfootnote=\count353
)
Package hyperref Info: Driver (autodetected): hpdftex.
 (C:\Users\phili\AppData\Local\Programs\MiKTeX\tex/latex/hyperref\hpdftex.def
File: hpdftex.def 2023-11-26 v7.01g Hyperref driver for pdfTeX
 (C:\Users\phili\AppData\Local\Programs\MiKTeX\tex/latex/base\atveryend-ltx.sty
Package: atveryend-ltx 2020/08/19 v1.0a Emulation of the original atveryend package
with kernel methods
)
\Fld@listcount=\count354
\c@bookmark@seq@number=\count355
 (C:\Users\phili\AppData\Local\Programs\MiKTeX\tex/latex/rerunfilecheck\rerunfilecheck.sty
Package: rerunfilecheck 2022-07-10 v1.10 Rerun checks for auxiliary files (HO)
 (C:\Users\phili\AppData\Local\Programs\MiKTeX\tex/generic/uniquecounter\uniquecounter.sty
Package: uniquecounter 2019/12/15 v1.4 Provide unlimited unique counter (HO)
)
Package uniquecounter Info: New unique counter `rerunfilecheck' on input line 285.
)
\Hy@SectionHShift=\skip62
) (C:\Users\phili\AppData\Local\Programs\MiKTeX\tex/latex/caption\caption.sty
Package: caption 2023/08/05 v3.6o Customizing captions (AR)
 (C:\Users\phili\AppData\Local\Programs\MiKTeX\tex/latex/caption\caption3.sty
Package: caption3 2023/07/31 v2.4d caption3 kernel (AR)
\caption@tempdima=\dimen284
\captionmargin=\dimen285
\caption@leftmargin=\dimen286
\caption@rightmargin=\dimen287
\caption@width=\dimen288
\caption@indent=\dimen289
\caption@parindent=\dimen290
\caption@hangindent=\dimen291
Package caption Info: Standard document class detected.
)
\c@caption@flags=\count356
\c@continuedfloat=\count357
Package caption Info: hyperref package is loaded.
) (C:\Users\phili\AppData\Local\Programs\MiKTeX\tex/latex/caption\subcaption.sty
Package: subcaption 2023/07/28 v1.6b Sub-captions (AR)
Package caption Info: New subtype `subfigure' on input line 238.
\c@subfigure=\count358
Package caption Info: New subtype `subtable' on input line 238.
\c@subtable=\count359
Package caption Info: New subtype `sublisting' on input line 238.
\c@sublisting=\count360
) (C:\Users\phili\AppData\Local\Programs\MiKTeX\tex/latex/float\float.sty
Package: float 2001/11/08 v1.3d Float enhancements (AL)
\c@float@type=\count361
\float@exts=\toks43
\float@box=\box74
\@float@everytoks=\toks44
\@floatcapt=\box75
) (C:\Users\phili\AppData\Local\Programs\MiKTeX\tex/latex/setspace\setspace.sty
Package: setspace 2022/12/04 v6.7b set line spacing
) (C:\Users\phili\AppData\Local\Programs\MiKTeX\tex/latex/biblatex\biblatex.sty
Package: biblatex 2023/03/05 v3.19 programmable bibliographies (PK/MW)
 (C:\Users\phili\AppData\Local\Programs\MiKTeX\tex/latex/logreq\logreq.sty
Package: logreq 2010/08/04 v1.0 xml request logger
\lrq@indent=\count362
 (C:\Users\phili\AppData\Local\Programs\MiKTeX\tex/latex/logreq\logreq.def
File: logreq.def 2010/08/04 v1.0 logreq spec v1.0
))
\c@tabx@nest=\count363
\c@listtotal=\count364
\c@listcount=\count365
\c@liststart=\count366
\c@liststop=\count367
\c@citecount=\count368
\c@citetotal=\count369
\c@multicitecount=\count370
\c@multicitetotal=\count371
\c@instcount=\count372
\c@maxnames=\count373
\c@minnames=\count374
\c@maxitems=\count375
\c@minitems=\count376
\c@citecounter=\count377
\c@maxcitecounter=\count378
\c@savedcitecounter=\count379
\c@uniquelist=\count380
\c@uniquename=\count381
\c@refsection=\count382
\c@refsegment=\count383
\c@maxextratitle=\count384
\c@maxextratitleyear=\count385
\c@maxextraname=\count386
\c@maxextradate=\count387
\c@maxextraalpha=\count388
\c@abbrvpenalty=\count389
\c@highnamepenalty=\count390
\c@lownamepenalty=\count391
\c@maxparens=\count392
\c@parenlevel=\count393
\blx@tempcnta=\count394
\blx@tempcntb=\count395
\blx@tempcntc=\count396
\c@blx@maxsection=\count397
\blx@maxsegment@0=\count398
\blx@notetype=\count399
\blx@parenlevel@text=\count400
\blx@parenlevel@foot=\count401
\blx@sectionciteorder@0=\count402
\blx@sectionciteorderinternal@0=\count403
\blx@entrysetcounter=\count404
\blx@biblioinstance=\count405
\labelnumberwidth=\skip63
\labelalphawidth=\skip64
\biblabelsep=\skip65
\bibitemsep=\skip66
\bibnamesep=\skip67
\bibinitsep=\skip68
\bibparsep=\skip69
\bibhang=\skip70
\blx@bcfin=\read7
\blx@bcfout=\write8
\blx@langwohyphens=\language79
\c@mincomprange=\count406
\c@maxcomprange=\count407
\c@mincompwidth=\count408
Package biblatex Info: Trying to load biblatex default data model...
Package biblatex Info: ... file 'blx-dm.def' found.
 (C:\Users\phili\AppData\Local\Programs\MiKTeX\tex/latex/biblatex\blx-dm.def
File: blx-dm.def 2023/03/05 v3.19 biblatex localization (PK/MW)
)
Package biblatex Info: Trying to load biblatex style data model...
Package biblatex Info: ... file 'ieee.dbx' not found.
Package biblatex Info: Trying to load biblatex custom data model...
Package biblatex Info: ... file 'biblatex-dm.cfg' not found.
\c@afterword=\count409
\c@savedafterword=\count410
\c@annotator=\count411
\c@savedannotator=\count412
\c@author=\count413
\c@savedauthor=\count414
\c@bookauthor=\count415
\c@savedbookauthor=\count416
\c@commentator=\count417
\c@savedcommentator=\count418
\c@editor=\count419
\c@savededitor=\count420
\c@editora=\count421
\c@savededitora=\count422
\c@editorb=\count423
\c@savededitorb=\count424
\c@editorc=\count425
\c@savededitorc=\count426
\c@foreword=\count427
\c@savedforeword=\count428
\c@holder=\count429
\c@savedholder=\count430
\c@introduction=\count431
\c@savedintroduction=\count432
\c@namea=\count433
\c@savednamea=\count434
\c@nameb=\count435
\c@savednameb=\count436
\c@namec=\count437
\c@savednamec=\count438
\c@translator=\count439
\c@savedtranslator=\count440
\c@shortauthor=\count441
\c@savedshortauthor=\count442
\c@shorteditor=\count443
\c@savedshorteditor=\count444
\c@labelname=\count445
\c@savedlabelname=\count446
\c@institution=\count447
\c@savedinstitution=\count448
\c@lista=\count449
\c@savedlista=\count450
\c@listb=\count451
\c@savedlistb=\count452
\c@listc=\count453
\c@savedlistc=\count454
\c@listd=\count455
\c@savedlistd=\count456
\c@liste=\count457
\c@savedliste=\count458
\c@listf=\count459
\c@savedlistf=\count460
\c@location=\count461
\c@savedlocation=\count462
\c@organization=\count463
\c@savedorganization=\count464
\c@origlocation=\count465
\c@savedoriglocation=\count466
\c@origpublisher=\count467
\c@savedorigpublisher=\count468
\c@publisher=\count469
\c@savedpublisher=\count470
\c@language=\count471
\c@savedlanguage=\count472
\c@origlanguage=\count473
\c@savedoriglanguage=\count474
\c@pageref=\count475
\c@savedpageref=\count476
\shorthandwidth=\skip71
\shortjournalwidth=\skip72
\shortserieswidth=\skip73
\shorttitlewidth=\skip74
\shortauthorwidth=\skip75
\shorteditorwidth=\skip76
\locallabelnumberwidth=\skip77
\locallabelalphawidth=\skip78
\localshorthandwidth=\skip79
\localshortjournalwidth=\skip80
\localshortserieswidth=\skip81
\localshorttitlewidth=\skip82
\localshortauthorwidth=\skip83
\localshorteditorwidth=\skip84
Package biblatex Info: Trying to load compatibility code...
Package biblatex Info: ... file 'blx-compat.def' found.
 (C:\Users\phili\AppData\Local\Programs\MiKTeX\tex/latex/biblatex\blx-compat.def
File: blx-compat.def 2023/03/05 v3.19 biblatex compatibility (PK/MW)
)
Package biblatex Info: Trying to load generic definitions...
Package biblatex Info: ... file 'biblatex.def' found.
 (C:\Users\phili\AppData\Local\Programs\MiKTeX\tex/latex/biblatex\biblatex.def
File: biblatex.def 2023/03/05 v3.19 biblatex compatibility (PK/MW)
\c@textcitecount=\count477
\c@textcitetotal=\count478
\c@textcitemaxnames=\count479
\c@biburlbigbreakpenalty=\count480
\c@biburlbreakpenalty=\count481
\c@biburlnumpenalty=\count482
\c@biburlucpenalty=\count483
\c@biburllcpenalty=\count484
\biburlbigskip=\muskip18
\biburlnumskip=\muskip19
\biburlucskip=\muskip20
\biburllcskip=\muskip21
\c@smartand=\count485
)
Package biblatex Info: Trying to load bibliography style 'ieee'...
Package biblatex Info: ... file 'ieee.bbx' found.
 (C:\Users\phili\AppData\Local\Programs\MiKTeX\tex/latex/biblatex-ieee\ieee.bbx
File: ieee.bbx 2021/12/06 v1.3f biblatex bibliography style
Package biblatex Info: Trying to load bibliography style 'numeric-comp'...
Package biblatex Info: ... file 'numeric-comp.bbx' found.
 (C:\Users\phili\AppData\Local\Programs\MiKTeX\tex/latex/biblatex/bbx\numeric-comp.bbx
File: numeric-comp.bbx 2023/03/05 v3.19 biblatex bibliography style (PK/MW)
Package biblatex Info: Trying to load bibliography style 'numeric'...
Package biblatex Info: ... file 'numeric.bbx' found.
 (C:\Users\phili\AppData\Local\Programs\MiKTeX\tex/latex/biblatex/bbx\numeric.bbx
File: numeric.bbx 2023/03/05 v3.19 biblatex bibliography style (PK/MW)
Package biblatex Info: Trying to load bibliography style 'standard'...
Package biblatex Info: ... file 'standard.bbx' found.
 (C:\Users\phili\AppData\Local\Programs\MiKTeX\tex/latex/biblatex/bbx\standard.bbx
File: standard.bbx 2023/03/05 v3.19 biblatex bibliography style (PK/MW)
\c@bbx:relatedcount=\count486
\c@bbx:relatedtotal=\count487
))))
Package biblatex Info: Trying to load citation style 'ieee'...
Package biblatex Info: ... file 'ieee.cbx' found.
 (C:\Users\phili\AppData\Local\Programs\MiKTeX\tex/latex/biblatex-ieee\ieee.cbx
File: ieee.cbx 2021/12/06 v1.3f biblatex citation style
Package biblatex Info: Trying to load citation style 'numeric-comp'...
Package biblatex Info: ... file 'numeric-comp.cbx' found.
 (C:\Users\phili\AppData\Local\Programs\MiKTeX\tex/latex/biblatex/cbx\numeric-comp.cbx
File: numeric-comp.cbx 2023/03/05 v3.19 biblatex citation style (PK/MW)
\c@cbx@tempcnta=\count488
\c@cbx@tempcntb=\count489
\c@cbx@tempcntc=\count490
\c@cbx@tempcntd=\count491
Package biblatex Info: Redefining '\cite'.
Package biblatex Info: Redefining '\parencite'.
Package biblatex Info: Redefining '\footcite'.
Package biblatex Info: Redefining '\footcitetext'.
Package biblatex Info: Redefining '\smartcite'.
Package biblatex Info: Redefining '\supercite'.
Package biblatex Info: Redefining '\textcite'.
Package biblatex Info: Redefining '\textcites'.
Package biblatex Info: Redefining '\cites'.
Package biblatex Info: Redefining '\parencites'.
Package biblatex Info: Redefining '\smartcites'.
)
Package biblatex Info: Redefining '\cite'.
Package biblatex Info: Redefining '\supercite'.
Package biblatex Info: Redefining '\cites'.
)
Package biblatex Info: Trying to load configuration file...
Package biblatex Info: ... file 'biblatex.cfg' found.
 (C:\Users\phili\AppData\Local\Programs\MiKTeX\tex/latex/biblatex\biblatex.cfg
File: biblatex.cfg 
)
Package biblatex Info: Input encoding 'utf8' detected.
Package biblatex Info: Document encoding is UTF8 ....
Package biblatex Info: ... and expl3
(biblatex)             2023-11-09 L3 programming layer (loader) 
(biblatex)             is new enough (at least 2020/04/06),
(biblatex)             setting 'casechanger=expl3'.
 (C:\Users\phili\AppData\Local\Programs\MiKTeX\tex/latex/biblatex\blx-case-expl3.sty (C:\Users\phili\AppData\Local\Programs\MiKTeX\tex/latex/l3packages/xparse\xparse.sty
Package: xparse 2023-10-10 L3 Experimental document command parser
)
Package: blx-case-expl3 2023/03/05 v3.19 expl3 case changing code for biblatex
)) (C:\Users\phili\AppData\Local\Programs\MiKTeX\tex/latex/fancyhdr\fancyhdr.sty
Package: fancyhdr 2022/11/09 v4.1 Extensive control of page headers and footers
\f@nch@headwidth=\skip85
\f@nch@O@elh=\skip86
\f@nch@O@erh=\skip87
\f@nch@O@olh=\skip88
\f@nch@O@orh=\skip89
\f@nch@O@elf=\skip90
\f@nch@O@erf=\skip91
\f@nch@O@olf=\skip92
\f@nch@O@orf=\skip93
)
runsystem(for ^%i in (pygmentize.exe pygmentize.bat pygmentize.cmd) do set > main.aex <nul: /p x=^%~$PATH:i>> main.aex)...executed.

runsystem(del main.aex)...executed.

\@quotelevel=\count492
\@quotereset=\count493
 (main.aux)
\openout1 = `main.aux'.

LaTeX Font Info:    Checking defaults for OML/cmm/m/it on input line 53.
LaTeX Font Info:    ... okay on input line 53.
LaTeX Font Info:    Checking defaults for OMS/cmsy/m/n on input line 53.
LaTeX Font Info:    ... okay on input line 53.
LaTeX Font Info:    Checking defaults for OT1/cmr/m/n on input line 53.
LaTeX Font Info:    ... okay on input line 53.
LaTeX Font Info:    Checking defaults for T1/cmr/m/n on input line 53.
LaTeX Font Info:    ... okay on input line 53.
LaTeX Font Info:    Checking defaults for TS1/cmr/m/n on input line 53.
LaTeX Font Info:    ... okay on input line 53.
LaTeX Font Info:    Checking defaults for OMX/cmex/m/n on input line 53.
LaTeX Font Info:    ... okay on input line 53.
LaTeX Font Info:    Checking defaults for U/cmr/m/n on input line 53.
LaTeX Font Info:    ... okay on input line 53.
LaTeX Font Info:    Checking defaults for PD1/pdf/m/n on input line 53.
LaTeX Font Info:    ... okay on input line 53.
LaTeX Font Info:    Checking defaults for PU/pdf/m/n on input line 53.
LaTeX Font Info:    ... okay on input line 53.
 (C:\Users\phili\AppData\Local\Programs\MiKTeX\tex/context/base/mkii\supp-pdf.mkii
[Loading MPS to PDF converter (version 2006.09.02).]
\scratchcounter=\count494
\scratchdimen=\dimen292
\scratchbox=\box76
\nofMPsegments=\count495
\nofMParguments=\count496
\everyMPshowfont=\toks45
\MPscratchCnt=\count497
\MPscratchDim=\dimen293
\MPnumerator=\count498
\makeMPintoPDFobject=\count499
\everyMPtoPDFconversion=\toks46
) (C:\Users\phili\AppData\Local\Programs\MiKTeX\tex/latex/epstopdf-pkg\epstopdf-base.sty
Package: epstopdf-base 2020-01-24 v2.11 Base part for package epstopdf
Package epstopdf-base Info: Redefining graphics rule for `.eps' on input line 485.
 (C:\Users\phili\AppData\Local\Programs\MiKTeX\tex/latex/00miktex\epstopdf-sys.cfg
File: epstopdf-sys.cfg 2021/03/18 v2.0 Configuration of epstopdf for MiKTeX
)) (C:\Users\phili\AppData\Local\Programs\MiKTeX\tex/latex/pdflscape\pdflscape.sty
Package: pdflscape 2022-10-27 v0.13 Display of landscape pages in PDF
 (C:\Users\phili\AppData\Local\Programs\MiKTeX\tex/latex/pdflscape\pdflscape-nometadata.sty
Package: pdflscape-nometadata 2022-10-28 v0.13 Display of landscape pages in PDF (HO)
 (C:\Users\phili\AppData\Local\Programs\MiKTeX\tex/latex/graphics\lscape.sty
Package: lscape 2020/05/28 v3.02 Landscape Pages (DPC)
)
Package pdflscape Info: Auto-detected driver: pdftex on input line 81.
))
Package newfloat Info: `float' package detected.
Package hyperref Info: Link coloring OFF on input line 53.
 (main.out) (main.out)
\@outlinefile=\write9
\openout9 = `main.out'.

Package caption Info: Begin \AtBeginDocument code.
Package caption Info: float package is loaded.
Package caption Info: End \AtBeginDocument code.
Package biblatex Info: Trying to load language 'english'...
Package biblatex Info: ... file 'english.lbx' found.
 (C:\Users\phili\AppData\Local\Programs\MiKTeX\tex/latex/biblatex/lbx\english.lbx
File: english.lbx 2023/03/05 v3.19 biblatex localization (PK/MW)
)
Package biblatex Info: Input encoding 'utf8' detected.
Package biblatex Info: Automatic encoding selection.
(biblatex)             Assuming data encoding 'utf8'.
\openout8 = `main.bcf'.

Package biblatex Info: Trying to load bibliographic data...
Package biblatex Info: ... file 'main.bbl' found.
 (main.bbl

Package biblatex Warning: Biber reported the following issues
(biblatex)                with 'vc_cancer':
(biblatex)                - online entry 'vc_cancer' (project_formulation/bib.bib): Invalid format '2022-11-3' of date field 'date' - ignoring.


Package biblatex Warning: Biber reported the following issues
(biblatex)                with 'gc_cost_axion':
(biblatex)                - online entry 'gc_cost_axion' (project_formulation/bib.bib): Invalid format '2022-5-6' of date field 'date' - ignoring.

)
Package biblatex Info: Reference section=0 on input line 53.
Package biblatex Info: Reference segment=0 on input line 53.
<./images/sdulogo.png, id=98, 339.51843pt x 180.675pt>
File: ./images/sdulogo.png Graphic file (type png)
<use ./images/sdulogo.png>
Package pdftex.def Info: ./images/sdulogo.png  used on input line 55.
(pdftex.def)             Requested size: 137.9979pt x 73.43486pt.
LaTeX Font Info:    Trying to load font information for U+msa on input line 55.
 (C:\Users\phili\AppData\Local\Programs\MiKTeX\tex/latex/amsfonts\umsa.fd
File: umsa.fd 2013/01/14 v3.01 AMS symbols A
)
LaTeX Font Info:    Trying to load font information for U+msb on input line 55.
 (C:\Users\phili\AppData\Local\Programs\MiKTeX\tex/latex/amsfonts\umsb.fd
File: umsb.fd 2013/01/14 v3.01 AMS symbols B
)
Underfull \hbox (badness 10000) in paragraph at lines 55--56

 []

[1

{C:/Users/phili/AppData/Local/MiKTeX/fonts/map/pdftex/pdftex.map} <./images/sdulogo.png>] (main.lof)
\tf@lof=\write10
\openout10 = `main.lof'.

 [2] (main.toc)
\tf@toc=\write11
\openout11 = `main.toc'.

 [3]
<project_formulation/project_formulation.pdf, id=177, 614.295pt x 794.97pt>
File: project_formulation/project_formulation.pdf Graphic file (type pdf)
<use project_formulation/project_formulation.pdf>
Package pdftex.def Info: project_formulation/project_formulation.pdf  used on input line 93.
(pdftex.def)             Requested size: 614.29349pt x 794.96806pt.
File: project_formulation/project_formulation.pdf Graphic file (type pdf)
<use project_formulation/project_formulation.pdf>
Package pdftex.def Info: project_formulation/project_formulation.pdf  used on input line 93.
(pdftex.def)             Requested size: 614.29349pt x 794.96806pt.
<project_formulation/project_formulation.pdf, id=180, page=1, 614.295pt x 794.97pt>
File: project_formulation/project_formulation.pdf Graphic file (type pdf)
<use project_formulation/project_formulation.pdf, page 1>
Package pdftex.def Info: project_formulation/project_formulation.pdf , page1 used on input line 93.
(pdftex.def)             Requested size: 614.29349pt x 794.96806pt.
File: project_formulation/project_formulation.pdf Graphic file (type pdf)
<use project_formulation/project_formulation.pdf, page 1>
Package pdftex.def Info: project_formulation/project_formulation.pdf , page1 used on input line 93.
(pdftex.def)             Requested size: 614.58406pt x 795.3441pt.
File: project_formulation/project_formulation.pdf Graphic file (type pdf)
<use project_formulation/project_formulation.pdf, page 1>
Package pdftex.def Info: project_formulation/project_formulation.pdf , page1 used on input line 93.
(pdftex.def)             Requested size: 614.58406pt x 795.3441pt.
File: project_formulation/project_formulation.pdf Graphic file (type pdf)
<use project_formulation/project_formulation.pdf, page 1>
Package pdftex.def Info: project_formulation/project_formulation.pdf , page1 used on input line 93.
(pdftex.def)             Requested size: 614.58406pt x 795.3441pt.
File: project_formulation/project_formulation.pdf Graphic file (type pdf)
<use project_formulation/project_formulation.pdf, page 1>
Package pdftex.def Info: project_formulation/project_formulation.pdf , page1 used on input line 93.
(pdftex.def)             Requested size: 614.58406pt x 795.3441pt.
 [4 <./project_formulation/project_formulation.pdf>]
<project_formulation/project_formulation.pdf, id=216, page=2, 614.295pt x 794.97pt>
File: project_formulation/project_formulation.pdf Graphic file (type pdf)
<use project_formulation/project_formulation.pdf, page 2>
Package pdftex.def Info: project_formulation/project_formulation.pdf , page2 used on input line 93.
(pdftex.def)             Requested size: 614.58406pt x 795.3441pt.
File: project_formulation/project_formulation.pdf Graphic file (type pdf)
<use project_formulation/project_formulation.pdf, page 2>
Package pdftex.def Info: project_formulation/project_formulation.pdf , page2 used on input line 93.
(pdftex.def)             Requested size: 614.58406pt x 795.3441pt.
File: project_formulation/project_formulation.pdf Graphic file (type pdf)
<use project_formulation/project_formulation.pdf, page 2>
Package pdftex.def Info: project_formulation/project_formulation.pdf , page2 used on input line 93.
(pdftex.def)             Requested size: 614.58406pt x 795.3441pt.
 [5 <./project_formulation/project_formulation.pdf>]
<project_formulation/project_formulation.pdf, id=226, page=3, 614.295pt x 794.97pt>
File: project_formulation/project_formulation.pdf Graphic file (type pdf)
<use project_formulation/project_formulation.pdf, page 3>
Package pdftex.def Info: project_formulation/project_formulation.pdf , page3 used on input line 93.
(pdftex.def)             Requested size: 614.58406pt x 795.3441pt.
File: project_formulation/project_formulation.pdf Graphic file (type pdf)
<use project_formulation/project_formulation.pdf, page 3>
Package pdftex.def Info: project_formulation/project_formulation.pdf , page3 used on input line 93.
(pdftex.def)             Requested size: 614.58406pt x 795.3441pt.
File: project_formulation/project_formulation.pdf Graphic file (type pdf)
<use project_formulation/project_formulation.pdf, page 3>
Package pdftex.def Info: project_formulation/project_formulation.pdf , page3 used on input line 93.
(pdftex.def)             Requested size: 614.58406pt x 795.3441pt.
 [6 <./project_formulation/project_formulation.pdf>]
<project_formulation/project_formulation.pdf, id=243, page=4, 614.295pt x 794.97pt>
File: project_formulation/project_formulation.pdf Graphic file (type pdf)
<use project_formulation/project_formulation.pdf, page 4>
Package pdftex.def Info: project_formulation/project_formulation.pdf , page4 used on input line 93.
(pdftex.def)             Requested size: 614.58406pt x 795.3441pt.
File: project_formulation/project_formulation.pdf Graphic file (type pdf)
<use project_formulation/project_formulation.pdf, page 4>
Package pdftex.def Info: project_formulation/project_formulation.pdf , page4 used on input line 93.
(pdftex.def)             Requested size: 614.58406pt x 795.3441pt.
File: project_formulation/project_formulation.pdf Graphic file (type pdf)
<use project_formulation/project_formulation.pdf, page 4>
Package pdftex.def Info: project_formulation/project_formulation.pdf , page4 used on input line 93.
(pdftex.def)             Requested size: 614.58406pt x 795.3441pt.
 [7 <./project_formulation/project_formulation.pdf>]
<./images/pvc_applications.jpg, id=265, 893.3375pt x 602.25pt>
File: ./images/pvc_applications.jpg Graphic file (type jpg)
<use ./images/pvc_applications.jpg>
Package pdftex.def Info: ./images/pvc_applications.jpg  used on input line 107.
(pdftex.def)             Requested size: 241.49895pt x 162.80264pt.

Underfull \hbox (badness 10000) in paragraph at lines 112--116

 []

[8 <./images/pvc_applications.jpg>]
Underfull \hbox (badness 10000) in paragraph at lines 118--120

 []

<./images/glc_illustration.png, id=286, 660.4675pt x 339.2675pt>
File: ./images/glc_illustration.png Graphic file (type png)
<use ./images/glc_illustration.png>
Package pdftex.def Info: ./images/glc_illustration.png  used on input line 132.
(pdftex.def)             Requested size: 310.4979pt x 159.50233pt.
[9] [10 <./images/glc_illustration.png>]
<./images/refractive_index.png, id=324, 804.00375pt x 1204.5pt>
File: ./images/refractive_index.png Graphic file (type png)
<use ./images/refractive_index.png>
Package pdftex.def Info: ./images/refractive_index.png  used on input line 161.
(pdftex.def)             Requested size: 172.5pt x 258.41107pt.
 [11] [12 <./images/refractive_index.png>]
Underfull \hbox (badness 10000) in paragraph at lines 176--177

 []

<./images/shimadzu_heating.jpg, id=342, 2075.755pt x 1556.81625pt>
File: ./images/shimadzu_heating.jpg Graphic file (type jpg)
<use ./images/shimadzu_heating.jpg>
Package pdftex.def Info: ./images/shimadzu_heating.jpg  used on input line 187.
(pdftex.def)             Requested size: 165.59853pt x 124.19151pt.
<./images/shimadzu_ready.jpg, id=343, 1807.75375pt x 1355.0625pt>
File: ./images/shimadzu_ready.jpg Graphic file (type jpg)
<use ./images/shimadzu_ready.jpg>
Package pdftex.def Info: ./images/shimadzu_ready.jpg  used on input line 194.
(pdftex.def)             Requested size: 165.59853pt x 124.1214pt.
[13 <./images/shimadzu_heating.jpg> <./images/shimadzu_ready.jpg>]
<./images/nanocuvette_one_sides.png, id=351, 800.9925pt x 727.71875pt>
File: ./images/nanocuvette_one_sides.png Graphic file (type png)
<use ./images/nanocuvette_one_sides.png>
Package pdftex.def Info: ./images/nanocuvette_one_sides.png  used on input line 221.
(pdftex.def)             Requested size: 172.5pt x 156.71187pt.
 [14]
<./images/wcg_suitcase.jpg, id=373, 4015.0pt x 3011.25pt>
File: ./images/wcg_suitcase.jpg Graphic file (type jpg)
<use ./images/wcg_suitcase.jpg>
Package pdftex.def Info: ./images/wcg_suitcase.jpg  used on input line 244.
(pdftex.def)             Requested size: 276.00105pt x 206.99536pt.
 [15 <./images/nanocuvette_one_sides.png>]
<./images/shimadzu_uv1900.jpg, id=383, 4015.0pt x 3011.25pt>
File: ./images/shimadzu_uv1900.jpg Graphic file (type jpg)
<use ./images/shimadzu_uv1900.jpg>
Package pdftex.def Info: ./images/shimadzu_uv1900.jpg  used on input line 253.
(pdftex.def)             Requested size: 276.00105pt x 206.99536pt.
 [16 <./images/wcg_suitcase.jpg>] [17 <./images/shimadzu_uv1900.jpg>]
Underfull \hbox (badness 10000) in paragraph at lines 268--270

 []


Underfull \hbox (badness 10000) in paragraph at lines 271--273

 []

[18]
\openout6 = `main.pyg'.

 (_minted-main/default.pygstyle) (_minted-main/B0C58C0A87BCF22551EA4B087D5F7206CF33289265490CC72470AF6FAFE9A294.pygtex
LaTeX Font Info:    Font shape `OT1/cmtt/bx/n' in size <10> not available
(Font)              Font shape `OT1/cmtt/m/n' tried instead on input line 2.
)
Package hyperref Info: bookmark level for unknown listing defaults to 0 on input line 297.
<./images/item_spectroworks.png, id=405, 1258.7025pt x 576.65437pt>
File: ./images/item_spectroworks.png Graphic file (type png)
<use ./images/item_spectroworks.png>
Package pdftex.def Info: ./images/item_spectroworks.png  used on input line 307.
(pdftex.def)             Requested size: 345.0pt x 158.0569pt.
 [19]
\openout6 = `main.pyg'.

 (_minted-main/B75427C2F8E5320E8144141326FB7ADBCF33289265490CC72470AF6FAFE9A294.pygtex)
\openout7 = `main.pyg'.

 (_minted-main/00C9670FED2E4AC68A233BDD68EDFD08CF33289265490CC72470AF6FAFE9A294.pygtex)
\openout7 = `main.pyg'.

 (_minted-main/18C29FCD0434C0FD2D0C677026D89B2FCF33289265490CC72470AF6FAFE9A294.pygtex)
Overfull \hbox (9.58107pt too wide) in paragraph at lines 330--332
\OT1/cmr/m/n/10 my github page ([]$\OT1/cmtt/m/n/10 https : / / github . com / Philip-[]Jorgensen / wcg _ final _ project$[]\OT1/cmr/m/n/10 ) 
 []

[20 <./images/item_spectroworks.png>]
<./images/wcg_suitcase_with_ipad.png, id=423, 4015.0pt x 3011.25pt>
File: ./images/wcg_suitcase_with_ipad.png Graphic file (type png)
<use ./images/wcg_suitcase_with_ipad.png>
Package pdftex.def Info: ./images/wcg_suitcase_with_ipad.png  used on input line 340.
(pdftex.def)             Requested size: 310.4979pt x 232.86403pt.

Overfull \hbox (16.38579pt too wide) in paragraph at lines 347--349
\OT1/cmr/m/n/10 ([]$\OT1/cmtt/m/n/10 https : / / github . com / Philip-[]Jorgensen / wcg _ final _ project / tree / main / gui /
 []

[21 <./images/wcg_suitcase_with_ipad.png>] [22] [23]
Overfull \hbox (7.34206pt too wide) in paragraph at lines 357--357
\OT1/cmr/m/n/10 002029407801101201$[]. eprint: []$https : / / doi . org / 10 . 1177 / 002029407801101201$[].
 []


Overfull \hbox (7.34206pt too wide) in paragraph at lines 357--357
\OT1/cmr/m/n/10 036985646300200801$[]. eprint: []$https : / / doi . org / 10 . 1177 / 036985646300200801$[].
 []

[24]
Overfull \hbox (15.80634pt too wide) in paragraph at lines 357--357
\OT1/cmr/m/n/10 Browse[]Laboratory[]Analytics / Refractive[]index / de^^Lnition[]and[]measurement .
 []

[25]
Overfull \hbox (2.01634pt too wide) in paragraph at lines 357--357
[]\OT1/cmr/m/n/10 cphnano. ``Nanocu-vette one.'' (2023), [On-line]. Avail-able: []$https : / / cphnano .
 []


Overfull \hbox (6.18295pt too wide) in paragraph at lines 357--357
[]\OT1/cmr/m/n/10 cphnano. ``Spec-troworks.'' (), [On-line]. Avail-able: []$https : / / app . spectroworks .
 []

<./images/flowchart_api_white.png, id=495, 998.73125pt x 1510.64375pt>
File: ./images/flowchart_api_white.png Graphic file (type png)
<use ./images/flowchart_api_white.png>
Package pdftex.def Info: ./images/flowchart_api_white.png  used on input line 365.
(pdftex.def)             Requested size: 345.0pt x 521.81808pt.
[26] [27]
Overfull \vbox (54.51247pt too high) has occurred while \output is active []

 [28 <./images/flowchart_api_white.png>]

pdfTeX warning: pdflatex (file ./appendix/Protocol_for_working_enzyme_kinetics.pdf): PDF inclusion: found PDF version <1.7>, but at most version <1.5> allowed
<appendix/Protocol_for_working_enzyme_kinetics.pdf, id=515, 597.55246pt x 845.07718pt>
File: appendix/Protocol_for_working_enzyme_kinetics.pdf Graphic file (type pdf)
<use appendix/Protocol_for_working_enzyme_kinetics.pdf>
Package pdftex.def Info: appendix/Protocol_for_working_enzyme_kinetics.pdf  used on input line 371.
(pdftex.def)             Requested size: 597.551pt x 845.07512pt.


pdfTeX warning: pdflatex (file ./appendix/Protocol_for_working_enzyme_kinetics.pdf): PDF inclusion: found PDF version <1.7>, but at most version <1.5> allowed
File: appendix/Protocol_for_working_enzyme_kinetics.pdf Graphic file (type pdf)
<use appendix/Protocol_for_working_enzyme_kinetics.pdf>
Package pdftex.def Info: appendix/Protocol_for_working_enzyme_kinetics.pdf  used on input line 371.
(pdftex.def)             Requested size: 597.551pt x 845.07512pt.


pdfTeX warning: pdflatex (file ./appendix/Protocol_for_working_enzyme_kinetics.pdf): PDF inclusion: found PDF version <1.7>, but at most version <1.5> allowed


pdfTeX warning: pdflatex (file ./appendix/Protocol_for_working_enzyme_kinetics.pdf): PDF inclusion: found PDF version <1.7>, but at most version <1.5> allowed
<appendix/Protocol_for_working_enzyme_kinetics.pdf, id=518, page=1, 597.55246pt x 845.07718pt>
File: appendix/Protocol_for_working_enzyme_kinetics.pdf Graphic file (type pdf)
<use appendix/Protocol_for_working_enzyme_kinetics.pdf, page 1>
Package pdftex.def Info: appendix/Protocol_for_working_enzyme_kinetics.pdf , page1 used on input line 371.
(pdftex.def)             Requested size: 597.551pt x 845.07512pt.
File: appendix/Protocol_for_working_enzyme_kinetics.pdf Graphic file (type pdf)
<use appendix/Protocol_for_working_enzyme_kinetics.pdf, page 1>
Package pdftex.def Info: appendix/Protocol_for_working_enzyme_kinetics.pdf , page1 used on input line 371.
(pdftex.def)             Requested size: 562.1644pt x 795.0303pt.
[29]
File: appendix/Protocol_for_working_enzyme_kinetics.pdf Graphic file (type pdf)
<use appendix/Protocol_for_working_enzyme_kinetics.pdf, page 1>
Package pdftex.def Info: appendix/Protocol_for_working_enzyme_kinetics.pdf , page1 used on input line 371.
(pdftex.def)             Requested size: 562.1644pt x 795.0303pt.
File: appendix/Protocol_for_working_enzyme_kinetics.pdf Graphic file (type pdf)
<use appendix/Protocol_for_working_enzyme_kinetics.pdf, page 1>
Package pdftex.def Info: appendix/Protocol_for_working_enzyme_kinetics.pdf , page1 used on input line 371.
(pdftex.def)             Requested size: 562.1644pt x 795.0303pt.
File: appendix/Protocol_for_working_enzyme_kinetics.pdf Graphic file (type pdf)
<use appendix/Protocol_for_working_enzyme_kinetics.pdf, page 1>
Package pdftex.def Info: appendix/Protocol_for_working_enzyme_kinetics.pdf , page1 used on input line 371.
(pdftex.def)             Requested size: 562.1644pt x 795.0303pt.
 [30 <./appendix/Protocol_for_working_enzyme_kinetics.pdf>]

pdfTeX warning: pdflatex (file ./appendix/Protocol_for_working_enzyme_kinetics.pdf): PDF inclusion: found PDF version <1.7>, but at most version <1.5> allowed
<appendix/Protocol_for_working_enzyme_kinetics.pdf, id=550, page=2, 597.55246pt x 845.07718pt>
File: appendix/Protocol_for_working_enzyme_kinetics.pdf Graphic file (type pdf)
<use appendix/Protocol_for_working_enzyme_kinetics.pdf, page 2>
Package pdftex.def Info: appendix/Protocol_for_working_enzyme_kinetics.pdf , page2 used on input line 371.
(pdftex.def)             Requested size: 562.1644pt x 795.0303pt.
File: appendix/Protocol_for_working_enzyme_kinetics.pdf Graphic file (type pdf)
<use appendix/Protocol_for_working_enzyme_kinetics.pdf, page 2>
Package pdftex.def Info: appendix/Protocol_for_working_enzyme_kinetics.pdf , page2 used on input line 371.
(pdftex.def)             Requested size: 562.1644pt x 795.0303pt.
File: appendix/Protocol_for_working_enzyme_kinetics.pdf Graphic file (type pdf)
<use appendix/Protocol_for_working_enzyme_kinetics.pdf, page 2>
Package pdftex.def Info: appendix/Protocol_for_working_enzyme_kinetics.pdf , page2 used on input line 371.
(pdftex.def)             Requested size: 562.1644pt x 795.0303pt.
[31 <./appendix/Protocol_for_working_enzyme_kinetics.pdf>]

pdfTeX warning: pdflatex (file ./appendix/Protocol_for_working_enzyme_kinetics.pdf): PDF inclusion: found PDF version <1.7>, but at most version <1.5> allowed
<appendix/Protocol_for_working_enzyme_kinetics.pdf, id=571, page=3, 597.55246pt x 845.07718pt>
File: appendix/Protocol_for_working_enzyme_kinetics.pdf Graphic file (type pdf)
<use appendix/Protocol_for_working_enzyme_kinetics.pdf, page 3>
Package pdftex.def Info: appendix/Protocol_for_working_enzyme_kinetics.pdf , page3 used on input line 371.
(pdftex.def)             Requested size: 562.1644pt x 795.0303pt.
File: appendix/Protocol_for_working_enzyme_kinetics.pdf Graphic file (type pdf)
<use appendix/Protocol_for_working_enzyme_kinetics.pdf, page 3>
Package pdftex.def Info: appendix/Protocol_for_working_enzyme_kinetics.pdf , page3 used on input line 371.
(pdftex.def)             Requested size: 562.1644pt x 795.0303pt.
File: appendix/Protocol_for_working_enzyme_kinetics.pdf Graphic file (type pdf)
<use appendix/Protocol_for_working_enzyme_kinetics.pdf, page 3>
Package pdftex.def Info: appendix/Protocol_for_working_enzyme_kinetics.pdf , page3 used on input line 371.
(pdftex.def)             Requested size: 562.1644pt x 795.0303pt.
[32 <./appendix/Protocol_for_working_enzyme_kinetics.pdf>]

pdfTeX warning: pdflatex (file ./appendix/Protocol_for_working_enzyme_kinetics.pdf): PDF inclusion: found PDF version <1.7>, but at most version <1.5> allowed
<appendix/Protocol_for_working_enzyme_kinetics.pdf, id=577, page=4, 597.55246pt x 845.07718pt>
File: appendix/Protocol_for_working_enzyme_kinetics.pdf Graphic file (type pdf)
<use appendix/Protocol_for_working_enzyme_kinetics.pdf, page 4>
Package pdftex.def Info: appendix/Protocol_for_working_enzyme_kinetics.pdf , page4 used on input line 371.
(pdftex.def)             Requested size: 562.1644pt x 795.0303pt.
File: appendix/Protocol_for_working_enzyme_kinetics.pdf Graphic file (type pdf)
<use appendix/Protocol_for_working_enzyme_kinetics.pdf, page 4>
Package pdftex.def Info: appendix/Protocol_for_working_enzyme_kinetics.pdf , page4 used on input line 371.
(pdftex.def)             Requested size: 562.1644pt x 795.0303pt.
File: appendix/Protocol_for_working_enzyme_kinetics.pdf Graphic file (type pdf)
<use appendix/Protocol_for_working_enzyme_kinetics.pdf, page 4>
Package pdftex.def Info: appendix/Protocol_for_working_enzyme_kinetics.pdf , page4 used on input line 371.
(pdftex.def)             Requested size: 562.1644pt x 795.0303pt.
[33 <./appendix/Protocol_for_working_enzyme_kinetics.pdf>] (main.aux)
 ***********
LaTeX2e <2023-11-01>
L3 programming layer <2023-11-09>
 ***********
Package rerunfilecheck Info: File `main.out' has not changed.
(rerunfilecheck)             Checksum: 2C9B2464FED78E51C742C23CB8EAC2A9;4051.
runsystem(del main.pyg)...executed.

Package logreq Info: Writing requests to 'main.run.xml'.
\openout1 = `main.run.xml'.

 ) 
Here is how much of TeX's memory you used:
 35523 strings out of 474587
 736342 string characters out of 5745702
 1940558 words of memory out of 5000000
 57044 multiletter control sequences out of 15000+600000
 568691 words of font info for 77 fonts, out of 8000000 for 9000
 1141 hyphenation exceptions out of 8191
 84i,17n,87p,2239b,1683s stack positions out of 10000i,1000n,20000p,200000b,200000s

pdfTeX warning (dest): name{Hfootnote.3} has been referenced but does not exist, replaced by a fixed one


pdfTeX warning (dest): name{Hfootnote.2} has been referenced but does not exist, replaced by a fixed one


pdfTeX warning (dest): name{Hfootnote.1} has been referenced but does not exist, replaced by a fixed one

 <C:\Users\phili\AppData\Local\MiKTeX\fonts/pk/ljfour/jknappen/ec/dpi600\tcrm1000.pk><C:/Users/phili/AppData/Local/Programs/MiKTeX/fonts/type1/public/amsfonts/cm/cmbx10.pfb><C:/Users/phili/AppData/Local/Programs/MiKTeX/fonts/type1/public/amsfonts/cm/cmbx12.pfb><C:/Users/phili/AppData/Local/Programs/MiKTeX/fonts/type1/public/amsfonts/cm/cmbx9.pfb><C:/Users/phili/AppData/Local/Programs/MiKTeX/fonts/type1/public/amsfonts/cm/cmbxti10.pfb><C:/Users/phili/AppData/Local/Programs/MiKTeX/fonts/type1/public/amsfonts/cm/cmcsc10.pfb><C:/Users/phili/AppData/Local/Programs/MiKTeX/fonts/type1/public/amsfonts/cm/cmitt10.pfb><C:/Users/phili/AppData/Local/Programs/MiKTeX/fonts/type1/public/amsfonts/cm/cmmi10.pfb><C:/Users/phili/AppData/Local/Programs/MiKTeX/fonts/type1/public/amsfonts/cm/cmr10.pfb><C:/Users/phili/AppData/Local/Programs/MiKTeX/fonts/type1/public/amsfonts/cm/cmr12.pfb><C:/Users/phili/AppData/Local/Programs/MiKTeX/fonts/type1/public/amsfonts/cm/cmr17.pfb><C:/Users/phili/AppData/Local/Programs/MiKTeX/fonts/type1/public/amsfonts/cm/cmr6.pfb><C:/Users/phili/AppData/Local/Programs/MiKTeX/fonts/type1/public/amsfonts/cm/cmr7.pfb><C:/Users/phili/AppData/Local/Programs/MiKTeX/fonts/type1/public/amsfonts/cm/cmr8.pfb><C:/Users/phili/AppData/Local/Programs/MiKTeX/fonts/type1/public/amsfonts/cm/cmr9.pfb><C:/Users/phili/AppData/Local/Programs/MiKTeX/fonts/type1/public/amsfonts/cm/cmsy10.pfb><C:/Users/phili/AppData/Local/Programs/MiKTeX/fonts/type1/public/amsfonts/cm/cmti10.pfb><C:/Users/phili/AppData/Local/Programs/MiKTeX/fonts/type1/public/amsfonts/cm/cmtt10.pfb><C:/Users/phili/AppData/Local/Programs/MiKTeX/fonts/type1/public/amsfonts/cm/cmtt8.pfb>
Output written on main.pdf (33 pages, 26213892 bytes).
PDF statistics:
 677 PDF objects out of 1000 (max. 8388607)
 111 named destinations out of 1000 (max. 500000)
 327 words of extra memory for PDF output out of 10000 (max. 10000000)

