\BOOKMARK [1][-]{Doc-Start}{\376\377\000A\000b\000s\000t\000r\000a\000c\000t}{}% 1
\BOOKMARK [1][-]{section*.1}{\376\377\000A\000b\000b\000r\000e\000v\000i\000a\000t\000i\000o\000n\000s}{}% 2
\BOOKMARK [1][-]{section*.3}{\376\377\000P\000r\000o\000j\000e\000c\000t\000\040\000F\000o\000r\000m\000u\000l\000a\000t\000i\000o\000n}{}% 3
\BOOKMARK [1][-]{section.1}{\376\377\000I\000n\000t\000r\000o\000d\000u\000c\000t\000i\000o\000n}{}% 4
\BOOKMARK [2][-]{subsection.1.1}{\376\377\000B\000a\000c\000k\000g\000r\000o\000u\000n\000d}{section.1}% 5
\BOOKMARK [1][-]{section.2}{\376\377\000T\000h\000e\000o\000r\000y}{}% 6
\BOOKMARK [2][-]{subsection.2.1}{\376\377\000W\000h\000a\000t\000\040\000i\000s\000\040\000R\000e\000f\000r\000a\000c\000t\000i\000v\000e\000\040\000i\000n\000d\000e\000x\000?}{section.2}% 7
\BOOKMARK [2][-]{subsection.2.2}{\376\377\000T\000h\000e\000\040\000p\000h\000o\000t\000o\000n\000i\000c\000\040\000c\000y\000s\000t\000a\000l\000s\000,\000\040\000a\000\040\000t\000o\000o\000l\000\040\000f\000o\000r\000\040\000m\000e\000a\000s\000u\000r\000i\000n\000g\000\040\000t\000h\000e\000\040\000r\000e\000f\000r\000a\000c\000t\000i\000v\000e\000\040\000i\000n\000d\000e\000x}{section.2}% 8
\BOOKMARK [1][-]{section.3}{\376\377\000B\000u\000i\000l\000d\000i\000n\000g\000\040\000a\000\040\000d\000a\000t\000a\000b\000a\000s\000e}{}% 9
\BOOKMARK [2][-]{subsection.3.1}{\376\377\000M\000e\000a\000s\000u\000r\000i\000n\000g\000\040\000v\000i\000n\000y\000l\000\040\000c\000h\000l\000o\000r\000i\000d\000e\000\040\000i\000n\000\040\000a\000\040\000s\000a\000m\000p\000l\000e}{section.3}% 10
\BOOKMARK [3][-]{subsubsection.3.1.1}{\376\377\000G\000e\000n\000e\000r\000a\000l\000\040\000m\000e\000t\000h\000o\000d\000o\000l\000o\000g\000y}{subsection.3.1}% 11
\BOOKMARK [3][-]{subsubsection.3.1.2}{\376\377\000M\000e\000a\000s\000u\000r\000i\000n\000g\000\040\000w\000i\000t\000h\000\040\000W\000a\000t\000e\000r\000\040\000C\000a\000r\000e\000\040\000G\000u\000a\000r\000d\000\040\000s\000u\000i\000t\000c\000a\000s\000e}{subsection.3.1}% 12
\BOOKMARK [3][-]{subsubsection.3.1.3}{\376\377\000M\000e\000a\000s\000u\000r\000i\000n\000g\000\040\000w\000i\000t\000h\000\040\000S\000h\000i\000m\000a\000d\000z\000u\000\040\000U\000V\000-\0001\0009\0000\0000}{subsection.3.1}% 13
\BOOKMARK [2][-]{subsection.3.2}{\376\377\000D\000a\000t\000a\000\040\000a\000n\000a\000l\000y\000s\000i\000s}{section.3}% 14
\BOOKMARK [2][-]{subsection.3.3}{\376\377\000P\000r\000o\000b\000l\000e\000m\000s}{section.3}% 15
\BOOKMARK [1][-]{section.4}{\376\377\000U\000s\000e\000r\000\040\000i\000n\000t\000e\000r\000f\000a\000c\000e}{}% 16
\BOOKMARK [2][-]{subsection.4.1}{\376\377\000A\000P\000I\000\040\000I\000n\000t\000e\000r\000f\000a\000c\000e}{section.4}% 17
\BOOKMARK [2][-]{subsection.4.2}{\376\377\000G\000r\000a\000p\000h\000i\000c\000a\000l\000\040\000U\000s\000e\000r\000\040\000I\000n\000t\000e\000r\000f\000a\000c\000e}{section.4}% 18
\BOOKMARK [1][-]{section.5}{\376\377\000C\000o\000n\000c\000l\000u\000s\000i\000o\000n}{}% 19
\BOOKMARK [1][-]{section*.15}{\376\377\000B\000i\000b\000l\000i\000o\000g\000r\000a\000p\000h\000y}{}% 20
\BOOKMARK [1][-]{section.6}{\376\377\000A\000p\000p\000e\000n\000d\000i\000x}{}% 21
\BOOKMARK [2][-]{subsection.6.1}{\376\377\000s\000p\000e\000c\000t\000r\000o\000w\000o\000r\000k\000s\000\137\000a\000p\000i\000\137\000i\000n\000t\000e\000r\000f\000a\000c\000e\000.\000p\000y}{section.6}% 22
\BOOKMARK [2][-]{subsection.6.2}{\376\377\000P\000r\000o\000t\000o\000c\000o\000l\000\040\000h\000o\000w\000\040\000t\000o\000\040\000p\000r\000e\000p\000a\000r\000e\000\040\000V\000C\000\040\000+\000\040\000E\000n\000z\000y\000m\000e\000\040\000c\000o\000n\000c\000e\000n\000t\000r\000a\000t\000i\000o\000n\000\040\000i\000n\000\040\000w\000a\000t\000e\000r\000\040\000b\000a\000s\000e\000d\000\040\000o\000n\000\040\000m\000o\000l\000a\000r\000\040\000r\000a\000t\000i\000o\000\040\0001\000:\0006\000\040\000a\000n\000d\000\040\000m\000e\000a\000s\000u\000r\000e\000\040\000t\000h\000e\000\040\000R\000I}{section.6}% 23
